[debug] [2026-02-05T17:56:12.551Z] ----------------------------------------------------------------------
[debug] [2026-02-05T17:56:12.552Z] Command:       C:\Program Files\nodejs\node.exe C:\Users\joelc\AppData\Roaming\npm\node_modules\firebase-tools\lib\bin\firebase.js init functions
[debug] [2026-02-05T17:56:12.553Z] CLI Version:   15.5.1
[debug] [2026-02-05T17:56:12.553Z] Platform:      win32
[debug] [2026-02-05T17:56:12.553Z] Node Version:  v22.18.0
[debug] [2026-02-05T17:56:12.553Z] Time:          Thu Feb 05 2026 12:56:12 GMT-0500 (Eastern Standard Time)
[debug] [2026-02-05T17:56:12.553Z] ----------------------------------------------------------------------
[debug] 
[debug] [2026-02-05T17:56:12.554Z] >>> [apiv2][query] GET https://firebase-public.firebaseio.com/cli.json [none]
[info] 
     ######## #### ########  ######## ########     ###     ######  ########
     ##        ##  ##     ## ##       ##     ##  ##   ##  ##       ##
     ######    ##  ########  ######   ########  #########  ######  ######
     ##        ##  ##    ##  ##       ##     ## ##     ##       ## ##
     ##       #### ##     ## ######## ########  ##     ##  ######  ########

You're about to initialize a Firebase project in this directory:

  C:\Users\joelc\OneDrive\Desktop\MoodyMusic

[debug] [2026-02-05T17:56:13.762Z] <<< [apiv2][status] GET https://firebase-public.firebaseio.com/cli.json 200
[debug] [2026-02-05T17:56:13.763Z] <<< [apiv2][body] GET https://firebase-public.firebaseio.com/cli.json {"cloudBuildErrorAfter":1594252800000,"cloudBuildWarnAfter":1590019200000,"defaultNode10After":1594252800000,"minVersion":"3.0.5","node8DeploysDisabledAfter":1613390400000,"node8RuntimeDisabledAfter":1615809600000,"node8WarnAfter":1600128000000}
[debug] [2026-02-05T17:56:16.084Z] ExitPromptError: User force closed the prompt with SIGINT
    at Interface.sigint (C:\Users\joelc\AppData\Roaming\npm\node_modules\firebase-tools\node_modules\@inquirer\core\dist\commonjs\lib\create-prompt.js:101:37)
    at Interface.emit (node:events:518:28)
    at [_ttyWrite] [as _ttyWrite] (node:internal/readline/interface:1132:18)
    at ReadStream.onkeypress (node:internal/readline/interface:271:20)
    at ReadStream.emit (node:events:530:35)
    at emitKeys (node:internal/readline/utils:370:14)
    at emitKeys.next (<anonymous>)
    at ReadStream.onData (node:internal/readline/emitKeypressEvents:64:36)
    at ReadStream.emit (node:events:518:28)
    at addChunk (node:internal/streams/readable:561:12)
[error] 
[error] Error: An unexpected error has occurred.
